<?xml version="1.0" encoding="UTF-8"?>
<!-- Generated by org.testng.reporters.JUnitXMLReporter -->
<testsuite ignored="12" hostname="DESKTOP-5IBL8KI" failures="0" tests="4" name="Test" time="49.416" errors="0" timestamp="2022-03-07T17:44:52 IST">
  <testcase classname="com.automation.appln.businessscripts.GmailTest" name="loginTest" time="18.634"/>
  <testcase classname="com.automation.appln.businessscripts.InstTest" name="instTest" time="9.846"/>
  <testcase classname="com.automation.appln.businessscripts.FpTest" name="fptest" time="11.277"/>
  <testcase classname="com.automation.appln.businessscripts.FbTest" name="fbTest" time="6.083"/>
  <testcase classname="com.automation.frameworks.BaseTest" name="@AfterSuite closeBrowser" time="0.0">
    <ignored/>
  </testcase> <!-- @AfterSuite closeBrowser -->
  <testcase classname="com.automation.frameworks.BaseTest" name="@AfterSuite closeBrowser" time="0.0">
    <ignored/>
  </testcase> <!-- @AfterSuite closeBrowser -->
  <testcase classname="com.automation.frameworks.BaseTest" name="@AfterSuite closeBrowser" time="0.0">
    <ignored/>
  </testcase> <!-- @AfterSuite closeBrowser -->
  <testcase classname="com.automation.frameworks.BaseTest" name="@BeforeTest initReports" time="0.0">
    <ignored/>
  </testcase> <!-- @BeforeTest initReports -->
  <testcase classname="com.automation.frameworks.BaseTest" name="@BeforeTest initReports" time="0.0">
    <ignored/>
  </testcase> <!-- @BeforeTest initReports -->
  <testcase classname="com.automation.frameworks.BaseTest" name="@BeforeTest initReports" time="0.0">
    <ignored/>
  </testcase> <!-- @BeforeTest initReports -->
  <testcase classname="com.automation.frameworks.BaseTest" name="@AfterTest generateReports" time="0.0">
    <ignored/>
  </testcase> <!-- @AfterTest generateReports -->
  <testcase classname="com.automation.frameworks.BaseTest" name="@AfterTest generateReports" time="0.0">
    <ignored/>
  </testcase> <!-- @AfterTest generateReports -->
  <testcase classname="com.automation.frameworks.BaseTest" name="@AfterTest generateReports" time="0.0">
    <ignored/>
  </testcase> <!-- @AfterTest generateReports -->
  <testcase classname="com.automation.frameworks.BaseTest" name="@BeforeSuite openBrowser" time="0.0">
    <ignored/>
  </testcase> <!-- @BeforeSuite openBrowser -->
  <testcase classname="com.automation.frameworks.BaseTest" name="@BeforeSuite openBrowser" time="0.0">
    <ignored/>
  </testcase> <!-- @BeforeSuite openBrowser -->
  <testcase classname="com.automation.frameworks.BaseTest" name="@BeforeSuite openBrowser" time="0.0">
    <ignored/>
  </testcase> <!-- @BeforeSuite openBrowser -->
</testsuite> <!-- Test -->
