<?xml version="1.0" encoding="UTF-8"?>
<testng-results ignored="12" total="16" passed="4" failed="0" skipped="0">
  <reporter-output>
  </reporter-output>
  <suite started-at="2022-03-07T17:44:03 IST" name="Suite" finished-at="2022-03-07T17:44:52 IST" duration-ms="49416">
    <groups>
    </groups>
    <test started-at="2022-03-07T17:44:03 IST" name="Test" finished-at="2022-03-07T17:44:52 IST" duration-ms="49416">
      <class name="com.automation.appln.businessscripts.FpTest">
        <test-method is-config="true" signature="beforeTcExecution(java.lang.reflect.Method)[pri:0, instance:com.automation.appln.businessscripts.FpTest@48f278eb]" started-at="2022-03-07T17:44:34 IST" name="beforeTcExecution" finished-at="2022-03-07T17:44:34 IST" duration-ms="0" status="PASS">
          <params>
            <param index="0">
              <value>
                <![CDATA[public void com.automation.appln.businessscripts.FpTest.fptest() throws java.io.IOException]]>
              </value>
            </param>
          </params>
          <reporter-output>
          </reporter-output>
        </test-method> <!-- beforeTcExecution -->
        <test-method signature="fptest()[pri:0, instance:com.automation.appln.businessscripts.FpTest@48f278eb]" started-at="2022-03-07T17:44:34 IST" name="fptest" finished-at="2022-03-07T17:44:45 IST" duration-ms="11277" status="PASS">
          <reporter-output>
          </reporter-output>
        </test-method> <!-- fptest -->
        <test-method is-config="true" signature="afterTCExecution(org.testng.ITestResult)[pri:0, instance:com.automation.appln.businessscripts.FpTest@48f278eb]" started-at="2022-03-07T17:44:45 IST" name="afterTCExecution" finished-at="2022-03-07T17:44:46 IST" duration-ms="135" status="PASS">
          <params>
            <param index="0">
              <value>
                <![CDATA[[TestResult name=fptest status=SUCCESS method=FpTest.fptest()[pri:0, instance:com.automation.appln.businessscripts.FpTest@48f278eb] output={null}]]]>
              </value>
            </param>
          </params>
          <reporter-output>
          </reporter-output>
        </test-method> <!-- afterTCExecution -->
      </class> <!-- com.automation.appln.businessscripts.FpTest -->
      <class name="com.automation.appln.businessscripts.FbTest">
        <test-method is-config="true" signature="beforeTcExecution(java.lang.reflect.Method)[pri:0, instance:com.automation.appln.businessscripts.FbTest@2f217633]" started-at="2022-03-07T17:44:46 IST" name="beforeTcExecution" finished-at="2022-03-07T17:44:46 IST" duration-ms="3" status="PASS">
          <params>
            <param index="0">
              <value>
                <![CDATA[public void com.automation.appln.businessscripts.FbTest.fbTest() throws java.io.IOException]]>
              </value>
            </param>
          </params>
          <reporter-output>
          </reporter-output>
        </test-method> <!-- beforeTcExecution -->
        <test-method signature="fbTest()[pri:0, instance:com.automation.appln.businessscripts.FbTest@2f217633]" started-at="2022-03-07T17:44:46 IST" name="fbTest" finished-at="2022-03-07T17:44:52 IST" duration-ms="6083" status="PASS">
          <reporter-output>
          </reporter-output>
        </test-method> <!-- fbTest -->
        <test-method is-config="true" signature="afterTCExecution(org.testng.ITestResult)[pri:0, instance:com.automation.appln.businessscripts.FbTest@2f217633]" started-at="2022-03-07T17:44:52 IST" name="afterTCExecution" finished-at="2022-03-07T17:44:52 IST" duration-ms="121" status="PASS">
          <params>
            <param index="0">
              <value>
                <![CDATA[[TestResult name=fbTest status=SUCCESS method=FbTest.fbTest()[pri:0, instance:com.automation.appln.businessscripts.FbTest@2f217633] output={null}]]]>
              </value>
            </param>
          </params>
          <reporter-output>
          </reporter-output>
        </test-method> <!-- afterTCExecution -->
      </class> <!-- com.automation.appln.businessscripts.FbTest -->
      <class name="com.automation.appln.businessscripts.InstTest">
        <test-method is-config="true" signature="beforeTcExecution(java.lang.reflect.Method)[pri:0, instance:com.automation.appln.businessscripts.InstTest@1da2cb77]" started-at="2022-03-07T17:44:24 IST" name="beforeTcExecution" finished-at="2022-03-07T17:44:24 IST" duration-ms="0" status="PASS">
          <params>
            <param index="0">
              <value>
                <![CDATA[public void com.automation.appln.businessscripts.InstTest.instTest() throws java.io.IOException]]>
              </value>
            </param>
          </params>
          <reporter-output>
          </reporter-output>
        </test-method> <!-- beforeTcExecution -->
        <test-method signature="instTest()[pri:0, instance:com.automation.appln.businessscripts.InstTest@1da2cb77]" started-at="2022-03-07T17:44:24 IST" name="instTest" finished-at="2022-03-07T17:44:34 IST" duration-ms="9846" status="PASS">
          <reporter-output>
          </reporter-output>
        </test-method> <!-- instTest -->
        <test-method is-config="true" signature="afterTCExecution(org.testng.ITestResult)[pri:0, instance:com.automation.appln.businessscripts.InstTest@1da2cb77]" started-at="2022-03-07T17:44:34 IST" name="afterTCExecution" finished-at="2022-03-07T17:44:34 IST" duration-ms="103" status="PASS">
          <params>
            <param index="0">
              <value>
                <![CDATA[[TestResult name=instTest status=SUCCESS method=InstTest.instTest()[pri:0, instance:com.automation.appln.businessscripts.InstTest@1da2cb77] output={null}]]]>
              </value>
            </param>
          </params>
          <reporter-output>
          </reporter-output>
        </test-method> <!-- afterTCExecution -->
      </class> <!-- com.automation.appln.businessscripts.InstTest -->
      <class name="com.automation.appln.businessscripts.GmailTest">
        <test-method is-config="true" signature="openBrowser(java.lang.String)[pri:0, instance:com.automation.appln.businessscripts.GmailTest@169e6180]" started-at="2022-03-07T17:43:49 IST" name="openBrowser" finished-at="2022-03-07T17:44:03 IST" duration-ms="13019" status="PASS">
          <params>
            <param index="0">
              <value>
                <![CDATA[chrome]]>
              </value>
            </param>
          </params>
          <reporter-output>
          </reporter-output>
        </test-method> <!-- openBrowser -->
        <test-method is-config="true" signature="initReports()[pri:0, instance:com.automation.appln.businessscripts.GmailTest@169e6180]" started-at="2022-03-07T17:44:03 IST" name="initReports" finished-at="2022-03-07T17:44:04 IST" duration-ms="1331" status="PASS">
          <reporter-output>
          </reporter-output>
        </test-method> <!-- initReports -->
        <test-method is-config="true" signature="beforeTcExecution(java.lang.reflect.Method)[pri:0, instance:com.automation.appln.businessscripts.GmailTest@169e6180]" started-at="2022-03-07T17:44:04 IST" name="beforeTcExecution" finished-at="2022-03-07T17:44:04 IST" duration-ms="8" status="PASS">
          <params>
            <param index="0">
              <value>
                <![CDATA[public void com.automation.appln.businessscripts.GmailTest.loginTest() throws java.io.IOException,org.apache.poi.EncryptedDocumentException,org.apache.poi.openxml4j.exceptions.InvalidFormatException,customisedexception.FrameworkException]]>
              </value>
            </param>
          </params>
          <reporter-output>
          </reporter-output>
        </test-method> <!-- beforeTcExecution -->
        <test-method signature="loginTest()[pri:0, instance:com.automation.appln.businessscripts.GmailTest@169e6180]" started-at="2022-03-07T17:44:04 IST" name="loginTest" finished-at="2022-03-07T17:44:23 IST" duration-ms="18634" status="PASS">
          <reporter-output>
          </reporter-output>
        </test-method> <!-- loginTest -->
        <test-method is-config="true" signature="afterTCExecution(org.testng.ITestResult)[pri:0, instance:com.automation.appln.businessscripts.GmailTest@169e6180]" started-at="2022-03-07T17:44:23 IST" name="afterTCExecution" finished-at="2022-03-07T17:44:24 IST" duration-ms="1656" status="PASS">
          <params>
            <param index="0">
              <value>
                <![CDATA[[TestResult name=loginTest status=SUCCESS method=GmailTest.loginTest()[pri:0, instance:com.automation.appln.businessscripts.GmailTest@169e6180] output={null}]]]>
              </value>
            </param>
          </params>
          <reporter-output>
          </reporter-output>
        </test-method> <!-- afterTCExecution -->
        <test-method is-config="true" signature="generateReports()[pri:0, instance:com.automation.appln.businessscripts.GmailTest@169e6180]" started-at="2022-03-07T17:44:52 IST" name="generateReports" finished-at="2022-03-07T17:44:52 IST" duration-ms="139" status="PASS">
          <reporter-output>
          </reporter-output>
        </test-method> <!-- generateReports -->
        <test-method is-config="true" signature="closeBrowser()[pri:0, instance:com.automation.appln.businessscripts.GmailTest@169e6180]" started-at="2022-03-07T17:44:52 IST" name="closeBrowser" finished-at="2022-03-07T17:44:57 IST" duration-ms="4414" status="PASS">
          <reporter-output>
          </reporter-output>
        </test-method> <!-- closeBrowser -->
      </class> <!-- com.automation.appln.businessscripts.GmailTest -->
    </test> <!-- Test -->
  </suite> <!-- Suite -->
</testng-results>
